  tinyxml2.cpp
  Scene.cpp
d:\users\edwin\github\hurricanex\hurricanecore\scene.cpp(10): warning C4316: 'GameObject': object allocated on the heap may not be aligned 16
d:\users\edwin\github\hurricanex\hurricanecore\scene.cpp(17): warning C4316: 'Camera': object allocated on the heap may not be aligned 16
  LevelManager.cpp
  InputHandler.cpp
  imgui_impl_dx11.cpp
  imgui.cpp
  HTime.cpp
  HProperties.cpp
d:\users\edwin\github\hurricanex\hurricanecore\hproperties.cpp(69): warning C4244: '=': conversion from 'int' to 'float', possible loss of data
d:\users\edwin\github\hurricanex\hurricanecore\hproperties.cpp(71): warning C4244: '=': conversion from 'int' to 'float', possible loss of data
d:\users\edwin\github\hurricanex\hurricanecore\hproperties.cpp(73): warning C4244: '=': conversion from 'int' to 'float', possible loss of data
  GLRenderer.cpp
  GameTimer.cpp
  GameObjectScript.cpp
  GameObject.cpp
d:\users\edwin\github\hurricanex\hurricanecore\gameobject.cpp(135): warning C4018: '<': signed/unsigned mismatch
d:\users\edwin\github\hurricanex\hurricanecore\gameobject.cpp(150): warning C4018: '<': signed/unsigned mismatch
d:\users\edwin\github\hurricanex\hurricanecore\gameobject.cpp(178): warning C4018: '<': signed/unsigned mismatch
  FPSCounter.cpp
d:\users\edwin\github\hurricanex\hurricanecore\fpscounter.cpp(49): warning C4244: 'argument': conversion from 'float' to 'DWORD', possible loss of data
  DXRenderer.cpp
  HXApp.cpp
d:\users\edwin\github\hurricanex\hurricanecore\hxapp.cpp(339): warning C4101: 'hdc': unreferenced local variable
d:\users\edwin\github\hurricanex\hurricanecore\hxapp.cpp(338): warning C4101: 'ps': unreferenced local variable
  Graphics.cpp
  DXShaderProgram.cpp
  Debug.cpp
  Component.cpp
  Camera.cpp
  Generating Code...
  HurricaneCore.vcxproj -> D:\Users\edwin\GitHub\HurricaneX\Debug\HurricaneCore.lib
