d:\users\edwin\github\hurricanex\hurricanecore\debug\hurricanecore.pdb
d:\users\edwin\github\hurricanex\hurricanecore\debug\hurricanecore.idb
d:\users\edwin\github\hurricanex\hurricanecore\debug\camera.obj
d:\users\edwin\github\hurricanex\hurricanecore\debug\component.obj
d:\users\edwin\github\hurricanex\hurricanecore\debug\debug.obj
d:\users\edwin\github\hurricanex\hurricanecore\debug\dxshaderprogram.obj
d:\users\edwin\github\hurricanex\hurricanecore\debug\graphics.obj
d:\users\edwin\github\hurricanex\hurricanecore\debug\hxapp.obj
d:\users\edwin\github\hurricanex\hurricanecore\debug\dxrenderer.obj
d:\users\edwin\github\hurricanex\hurricanecore\debug\fpscounter.obj
d:\users\edwin\github\hurricanex\hurricanecore\debug\gameobject.obj
d:\users\edwin\github\hurricanex\hurricanecore\debug\gameobjectscript.obj
d:\users\edwin\github\hurricanex\hurricanecore\debug\gametimer.obj
d:\users\edwin\github\hurricanex\hurricanecore\debug\glrenderer.obj
d:\users\edwin\github\hurricanex\hurricanecore\debug\hproperties.obj
d:\users\edwin\github\hurricanex\hurricanecore\debug\htime.obj
d:\users\edwin\github\hurricanex\hurricanecore\debug\imgui.obj
d:\users\edwin\github\hurricanex\hurricanecore\debug\imgui_impl_dx11.obj
d:\users\edwin\github\hurricanex\hurricanecore\debug\inputhandler.obj
d:\users\edwin\github\hurricanex\hurricanecore\debug\levelmanager.obj
d:\users\edwin\github\hurricanex\hurricanecore\debug\scene.obj
d:\users\edwin\github\hurricanex\hurricanecore\debug\tinyxml2.obj
d:\users\edwin\github\hurricanex\hurricanecore\debug\d3dapp.obj
d:\users\edwin\github\hurricanex\hurricanecore\debug\hlslshaderprogram.obj
d:\users\edwin\github\hurricanex\hurricanecore\debug\modelcomponent.obj
d:\users\edwin\github\hurricanex\hurricanecore\debug\shaderprogrammanager.obj
d:\users\edwin\github\hurricanex\hurricanecore\debug\random.obj
d:\users\edwin\github\hurricanex\hurricanecore\debug\shaderprogram.obj
d:\users\edwin\github\hurricanex\hurricanecore\debug\meshcomponent.obj
d:\users\edwin\github\hurricanex\hurricanecore\debug\modelmanager.obj
d:\users\edwin\github\hurricanex\debug\hurricanecore.lib
d:\users\edwin\github\hurricanex\debug\hurricanecore.pdb
d:\users\edwin\github\hurricanex\hurricanecore\debug\hurricanecore.tlog\cl.command.1.tlog
d:\users\edwin\github\hurricanex\hurricanecore\debug\hurricanecore.tlog\cl.read.1.tlog
d:\users\edwin\github\hurricanex\hurricanecore\debug\hurricanecore.tlog\cl.write.1.tlog
d:\users\edwin\github\hurricanex\hurricanecore\debug\hurricanecore.tlog\lib-link.read.1.tlog
d:\users\edwin\github\hurricanex\hurricanecore\debug\hurricanecore.tlog\lib-link.write.1.tlog
d:\users\edwin\github\hurricanex\hurricanecore\debug\hurricanecore.tlog\lib.command.1.tlog
