  tinyxml2.cpp
  ShaderProgram.cpp
  Scene.cpp
d:\users\edwin\github\hurricanex\hurricanecore\camera.h(16): fatal error C1083: Cannot open include file: 'glew.h': No such file or directory
  InputHandler.cpp
  HProperties.cpp
d:\users\edwin\github\hurricanex\hurricanecore\hproperties.cpp(69): warning C4244: '=': conversion from 'int' to 'float', possible loss of data
d:\users\edwin\github\hurricanex\hurricanecore\hproperties.cpp(71): warning C4244: '=': conversion from 'int' to 'float', possible loss of data
d:\users\edwin\github\hurricanex\hurricanecore\hproperties.cpp(73): warning C4244: '=': conversion from 'int' to 'float', possible loss of data
  GLRenderer.cpp
  GameObjectScript.cpp
  GameObject.cpp
d:\users\edwin\github\hurricanex\hurricanecore\camera.h(16): fatal error C1083: Cannot open include file: 'glew.h': No such file or directory
  FPSCounter.cpp
d:\users\edwin\github\hurricanex\hurricanecore\fpscounter.cpp(36): warning C4244: 'initializing': conversion from 'DWORD' to 'float', possible loss of data
d:\users\edwin\github\hurricanex\hurricanecore\fpscounter.cpp(53): warning C4244: 'initializing': conversion from 'DWORD' to 'float', possible loss of data
d:\users\edwin\github\hurricanex\hurricanecore\fpscounter.cpp(54): warning C4244: 'initializing': conversion from 'DWORD' to 'float', possible loss of data
  DXRenderer.cpp
d:\users\edwin\github\hurricanex\hurricanecore\dxapp.h(80): error C2440: 'initializing': cannot convert from 'const char [6]' to 'const LPCTSTR'
  d:\users\edwin\github\hurricanex\hurricanecore\dxapp.h(80): note: Types pointed to are unrelated; conversion requires reinterpret_cast, C-style cast or function-style cast
d:\users\edwin\github\hurricanex\hurricanecore\dxapp.h(80): error C2439: 'DXApp::_className': member could not be initialized
  d:\users\edwin\github\hurricanex\hurricanecore\dxapp.h(80): note: see declaration of 'DXApp::_className'
d:\users\edwin\github\hurricanex\hurricanecore\dxrenderer.cpp(83): error C2664: 'int MessageBoxW(HWND,LPCWSTR,LPCWSTR,UINT)': cannot convert argument 2 from 'const char [34]' to 'LPCWSTR'
  d:\users\edwin\github\hurricanex\hurricanecore\dxrenderer.cpp(83): note: Types pointed to are unrelated; conversion requires reinterpret_cast, C-style cast or function-style cast
  DXApp.cpp
d:\users\edwin\github\hurricanex\hurricanecore\dxapp.h(80): error C2440: 'initializing': cannot convert from 'const char [6]' to 'const LPCTSTR'
  d:\users\edwin\github\hurricanex\hurricanecore\dxapp.h(80): note: Types pointed to are unrelated; conversion requires reinterpret_cast, C-style cast or function-style cast
d:\users\edwin\github\hurricanex\hurricanecore\dxapp.h(80): error C2439: 'DXApp::_className': member could not be initialized
  d:\users\edwin\github\hurricanex\hurricanecore\dxapp.h(80): note: see declaration of 'DXApp::_className'
d:\users\edwin\github\hurricanex\hurricanecore\dxapp.cpp(120): error C2664: 'int MessageBoxW(HWND,LPCWSTR,LPCWSTR,UINT)': cannot convert argument 2 from 'const char [24]' to 'LPCWSTR'
  d:\users\edwin\github\hurricanex\hurricanecore\dxapp.cpp(120): note: Types pointed to are unrelated; conversion requires reinterpret_cast, C-style cast or function-style cast
d:\users\edwin\github\hurricanex\hurricanecore\dxapp.cpp(135): error C2664: 'HWND CreateWindowExW(DWORD,LPCWSTR,LPCWSTR,DWORD,int,int,int,int,HWND,HMENU,HINSTANCE,LPVOID)': cannot convert argument 3 from 'const char [15]' to 'LPCWSTR'
  d:\users\edwin\github\hurricanex\hurricanecore\dxapp.cpp(135): note: Types pointed to are unrelated; conversion requires reinterpret_cast, C-style cast or function-style cast
d:\users\edwin\github\hurricanex\hurricanecore\dxapp.cpp(139): error C2664: 'int MessageBoxW(HWND,LPCWSTR,LPCWSTR,UINT)': cannot convert argument 2 from 'const char [22]' to 'LPCWSTR'
  d:\users\edwin\github\hurricanex\hurricanecore\dxapp.cpp(139): note: Types pointed to are unrelated; conversion requires reinterpret_cast, C-style cast or function-style cast
d:\users\edwin\github\hurricanex\hurricanecore\dxapp.cpp(167): error C2664: 'int MessageBoxW(HWND,LPCWSTR,LPCWSTR,UINT)': cannot convert argument 2 from 'const char [36]' to 'LPCWSTR'
  d:\users\edwin\github\hurricanex\hurricanecore\dxapp.cpp(167): note: Types pointed to are unrelated; conversion requires reinterpret_cast, C-style cast or function-style cast
d:\users\edwin\github\hurricanex\hurricanecore\dxapp.cpp(224): warning C4244: 'return': conversion from 'WPARAM' to 'int', possible loss of data
d:\users\edwin\github\hurricanex\hurricanecore\dxapp.cpp(246): error C2664: 'int MessageBoxW(HWND,LPCWSTR,LPCWSTR,UINT)': cannot convert argument 2 from 'const char [19]' to 'LPCWSTR'
  d:\users\edwin\github\hurricanex\hurricanecore\dxapp.cpp(246): note: Types pointed to are unrelated; conversion requires reinterpret_cast, C-style cast or function-style cast
d:\users\edwin\github\hurricanex\hurricanecore\dxapp.cpp(276): error C2664: 'int MessageBoxW(HWND,LPCWSTR,LPCWSTR,UINT)': cannot convert argument 2 from 'const char [31]' to 'LPCWSTR'
  d:\users\edwin\github\hurricanex\hurricanecore\dxapp.cpp(276): note: Types pointed to are unrelated; conversion requires reinterpret_cast, C-style cast or function-style cast
  Debug.cpp
  Component.cpp
  Clock.cpp
  Camera.cpp
d:\users\edwin\github\hurricanex\hurricanecore\camera.h(16): fatal error C1083: Cannot open include file: 'glew.h': No such file or directory
  Generating Code...
